0 info it worked if it ends with ok
1 verbose cli [ 'C:\\Program Files\\nodejs\\node.exe',
1 verbose cli   'C:\\Users\\probook\\AppData\\Roaming\\npm\\node_modules\\npm\\bin\\npm-cli.js',
1 verbose cli   'run',
1 verbose cli   'dev' ]
2 info using npm@4.0.5
3 info using node@v7.3.0
4 verbose run-script [ 'predev', 'dev', 'postdev' ]
5 info lifecycle prestoproject@1.0.0~predev: prestoproject@1.0.0
6 silly lifecycle prestoproject@1.0.0~predev: no script for predev, continuing
7 info lifecycle prestoproject@1.0.0~dev: prestoproject@1.0.0
8 verbose lifecycle prestoproject@1.0.0~dev: unsafe-perm in lifecycle true
9 verbose lifecycle prestoproject@1.0.0~dev: PATH: C:\Users\probook\AppData\Roaming\npm\node_modules\npm\bin\node-gyp-bin;C:\Users\probook\Desktop\Python\Vue\prestoproject\node_modules\.bin;C:\ProgramData\Oracle\Java\javapath;C:\Windows\system32;C:\Windows;C:\Windows\System32\Wbem;C:\Windows\System32\WindowsPowerShell\v1.0\;C:\Program Files\Java\jdk1.8.0_91\bin;C:\Program Files\Microsoft SQL Server\Client SDK\ODBC\110\Tools\Binn\;C:\Program Files (x86)\Microsoft SQL Server\120\Tools\Binn\;C:\Program Files\Microsoft SQL Server\120\Tools\Binn\;C:\Program Files\Microsoft SQL Server\120\DTS\Binn\;C:\Program Files (x86)\Microsoft SQL Server\120\Tools\Binn\ManagementStudio\;C:\Program Files (x86)\Microsoft SQL Server\120\DTS\Binn\;C:\Program Files\Microsoft SQL Server\110\Tools\Binn\;C:\Program Files (x86)\Microsoft Visual Studio 12.0\Common7\IDE\PrivateAssemblies\;C:\Program Files (x86)\Windows Kits\8.1\Windows Performance Toolkit\;C:\Program Files (x86)\Skype\Phone\;C:\Program Files\nodejs\;C:\Program Files\Git\cmd;C:\Program Files\Microsoft SQL Server\130\Tools\Binn\;C:\Program Files (x86)\Microsoft SQL Server\110\DTS\Binn\;C:\Program Files (x86)\Microsoft SQL Server\130\DTS\Binn\;C:\Program Files\Microsoft\Web Platform Installer\;C:\Program Files\Microsoft OLE DB Provider for DB2\system;C:\Users\probook\Desktop\Eclipse Projects\jar files\apache-ant-1.7.0-bin\apache-ant-1.7.0\bin;C:\Program Files\Java\apache-maven-3.3.9\bin;C:\Program Files (x86)\Hewlett-Packard\HP ProtectTools Security Manager\Bin\;C:\Program Files\dotnet\;C:\Program Files\MySQL\MySQL Server 5.5\bin;C:\xampp\php;C:\ProgramData\ComposerSetup\bin;C:\Program Files (x86)\Brackets\command;C:\Users\probook\AppData\Local\Programs\Python\Python36-32\Scripts\;C:\Users\probook\AppData\Local\Programs\Python\Python36-32\;C:\Ruby24-x64\bin;C:\Program Files (x86)\Microsoft VS Code\bin;C:\Users\probook\AppData\Roaming\npm;C:\Users\probook\Desktop\Eclipse Projects\jar files\apache-ant-1.7.0-bin\apache-ant-1.7.0\bin;C:\Program Files\Java\apache-maven-3.3.9\bin;C:\Program Files\MongoDB\Server\3.4\bin;C:\Program Files\dotnet\sdk\2.1.2;C:\Program Files\MySQL\MySQL Server 5.5\bin;C:\Users\probook\AppData\Roaming\Composer\vendor\bin
10 verbose lifecycle prestoproject@1.0.0~dev: CWD: C:\Users\probook\Desktop\Python\Vue\prestoproject
11 silly lifecycle prestoproject@1.0.0~dev: Args: [ '/d /s /c',
11 silly lifecycle   'cross-env NODE_ENV=development webpack-dev-server --open --hot' ]
12 silly lifecycle prestoproject@1.0.0~dev: Returned: code: 1  signal: null
13 info lifecycle prestoproject@1.0.0~dev: Failed to exec dev script
14 verbose stack Error: prestoproject@1.0.0 dev: `cross-env NODE_ENV=development webpack-dev-server --open --hot`
14 verbose stack Exit status 1
14 verbose stack     at EventEmitter.<anonymous> (C:\Users\probook\AppData\Roaming\npm\node_modules\npm\lib\utils\lifecycle.js:279:16)
14 verbose stack     at emitTwo (events.js:106:13)
14 verbose stack     at EventEmitter.emit (events.js:191:7)
14 verbose stack     at ChildProcess.<anonymous> (C:\Users\probook\AppData\Roaming\npm\node_modules\npm\lib\utils\spawn.js:40:14)
14 verbose stack     at emitTwo (events.js:106:13)
14 verbose stack     at ChildProcess.emit (events.js:191:7)
14 verbose stack     at maybeClose (internal/child_process.js:885:16)
14 verbose stack     at Process.ChildProcess._handle.onexit (internal/child_process.js:226:5)
15 verbose pkgid prestoproject@1.0.0
16 verbose cwd C:\Users\probook\Desktop\Python\Vue\prestoproject
17 error Windows_NT 6.3.9600
18 error argv "C:\\Program Files\\nodejs\\node.exe" "C:\\Users\\probook\\AppData\\Roaming\\npm\\node_modules\\npm\\bin\\npm-cli.js" "run" "dev"
19 error node v7.3.0
20 error npm  v4.0.5
21 error code ELIFECYCLE
22 error prestoproject@1.0.0 dev: `cross-env NODE_ENV=development webpack-dev-server --open --hot`
22 error Exit status 1
23 error Failed at the prestoproject@1.0.0 dev script 'cross-env NODE_ENV=development webpack-dev-server --open --hot'.
23 error Make sure you have the latest version of node.js and npm installed.
23 error If you do, this is most likely a problem with the prestoproject package,
23 error not with npm itself.
23 error Tell the author that this fails on your system:
23 error     cross-env NODE_ENV=development webpack-dev-server --open --hot
23 error You can get information on how to open an issue for this project with:
23 error     npm bugs prestoproject
23 error Or if that isn't available, you can get their info via:
23 error     npm owner ls prestoproject
23 error There is likely additional logging output above.
24 verbose exit [ 1, true ]
